<?xml version="1.0" encoding="UTF-8"?>
<!-- Generated by org.testng.reporters.JUnitReportReporter -->
<<<<<<< HEAD
<testsuite hostname="PRASANNA" failures="0" tests="6" name="nn.dsalgo.tests.LoginTest" time="17.875" errors="0" timestamp="2025-08-30T18:41:57 EDT" skipped="0">
  <testcase classname="nn.dsalgo.tests.LoginTest" name="performlogin" time="2.488"/>
  <testcase classname="nn.dsalgo.tests.LoginTest" name="performlogin" time="3.999"/>
  <testcase classname="nn.dsalgo.tests.LoginTest" name="performlogin" time="2.575"/>
  <testcase classname="nn.dsalgo.tests.LoginTest" name="loginlandingpage" time="2.422"/>
  <testcase classname="nn.dsalgo.tests.LoginTest" name="successfullogin" time="3.022"/>
  <testcase classname="nn.dsalgo.tests.LoginTest" name="performlogin" time="3.369"/>
=======
<testsuite hostname="IKnIK" failures="0" tests="6" name="nn.dsalgo.tests.LoginTest" time="10.909" errors="0" timestamp="2025-08-31T23:17:08 EDT" skipped="0">
  <testcase classname="nn.dsalgo.tests.LoginTest" name="loginlandingpage" time="1.805"/>
  <testcase classname="nn.dsalgo.tests.LoginTest" name="Missinglogin" time="1.942"/>
  <testcase classname="nn.dsalgo.tests.LoginTest" name="Missinglogin" time="1.647"/>
  <testcase classname="nn.dsalgo.tests.LoginTest" name="InvalidLogin" time="1.717"/>
  <testcase classname="nn.dsalgo.tests.LoginTest" name="InvalidLogin" time="1.656"/>
  <testcase classname="nn.dsalgo.tests.LoginTest" name="successfullogin" time="2.142"/>
>>>>>>> 234ee29e67f88917052681f9f10ec39b9191e4a8
</testsuite> <!-- nn.dsalgo.tests.LoginTest -->
