<?xml version="1.0" encoding="UTF-8"?>
<!-- Generated by org.testng.reporters.JUnitReportReporter -->
<testsuite hostname="PRASANNA" failures="0" tests="6" name="nn.dsalgo.tests.LoginTest" time="17.875" errors="0" timestamp="2025-08-30T18:41:57 EDT" skipped="0">
  <testcase classname="nn.dsalgo.tests.LoginTest" name="performlogin" time="2.488"/>
  <testcase classname="nn.dsalgo.tests.LoginTest" name="performlogin" time="3.999"/>
  <testcase classname="nn.dsalgo.tests.LoginTest" name="performlogin" time="2.575"/>
  <testcase classname="nn.dsalgo.tests.LoginTest" name="loginlandingpage" time="2.422"/>
  <testcase classname="nn.dsalgo.tests.LoginTest" name="successfullogin" time="3.022"/>
  <testcase classname="nn.dsalgo.tests.LoginTest" name="performlogin" time="3.369"/>
</testsuite> <!-- nn.dsalgo.tests.LoginTest -->
