<?xml version="1.0" encoding="UTF-8"?>
<!-- Generated by org.testng.reporters.JUnitReportReporter -->
<testsuite hostname="IKnIK" failures="0" tests="2" name="nn.dsalgo.tests.DatastructureTest" time="8.598" errors="0" timestamp="2025-08-27T23:49:30 EDT" skipped="0">
  <testcase classname="nn.dsalgo.tests.DatastructureTest" name="navigateToTopicsInDS" time="4.444"/>
  <testcase classname="nn.dsalgo.tests.DatastructureTest" name="dsPageLanding" time="4.154"/>
</testsuite> <!-- nn.dsalgo.tests.DatastructureTest -->
