<?xml version="1.0" encoding="UTF-8"?>
<!-- Generated by org.testng.reporters.JUnitReportReporter -->
<testsuite hostname="IKnIK" failures="0" tests="21" name="nn.dsalgo.tests.QueueTest" time="112.888" errors="0" timestamp="2025-08-29T20:35:39 EDT" skipped="0">
  <testcase classname="nn.dsalgo.tests.QueueTest" name="navigatetoQueuetopics" time="4.545"/>
  <testcase classname="nn.dsalgo.tests.QueueTest" name="PracticeQuestionBrokenLink" time="4.823"/>
  <testcase classname="nn.dsalgo.tests.QueueTest" name="clicktryhere" time="5.529"/>
  <testcase classname="nn.dsalgo.tests.QueueTest" name="clicktryhere" time="5.599"/>
  <testcase classname="nn.dsalgo.tests.QueueTest" name="Pythoncode" time="7.404"/>
  <testcase classname="nn.dsalgo.tests.QueueTest" name="navigatetoQueuetopics" time="4.599"/>
  <testcase classname="nn.dsalgo.tests.QueueTest" name="queuelandingpage" time="5.765"/>
  <testcase classname="nn.dsalgo.tests.QueueTest" name="Pythoncode" time="5.194"/>
  <testcase classname="nn.dsalgo.tests.QueueTest" name="navigatetoQueuetopics" time="4.369"/>
  <testcase classname="nn.dsalgo.tests.QueueTest" name="InvalidPythoncode" time="5.729"/>
  <testcase classname="nn.dsalgo.tests.QueueTest" name="clicktryhere" time="5.317"/>
  <testcase classname="nn.dsalgo.tests.QueueTest" name="InvalidPythoncode" time="5.644"/>
  <testcase classname="nn.dsalgo.tests.QueueTest" name="Pythoncode" time="5.124"/>
  <testcase classname="nn.dsalgo.tests.QueueTest" name="PracticeQuestionBrokenLink" time="4.682"/>
  <testcase classname="nn.dsalgo.tests.QueueTest" name="PracticeQuestionBrokenLink" time="4.927"/>
  <testcase classname="nn.dsalgo.tests.QueueTest" name="Pythoncode" time="6.071"/>
  <testcase classname="nn.dsalgo.tests.QueueTest" name="PracticeQuestionBrokenLink" time="5.444"/>
  <testcase classname="nn.dsalgo.tests.QueueTest" name="clicktryhere" time="5.399"/>
  <testcase classname="nn.dsalgo.tests.QueueTest" name="InvalidPythoncode" time="5.744"/>
  <testcase classname="nn.dsalgo.tests.QueueTest" name="InvalidPythoncode" time="6.116"/>
  <testcase classname="nn.dsalgo.tests.QueueTest" name="navigatetoQueuetopics" time="4.864"/>
</testsuite> <!-- nn.dsalgo.tests.QueueTest -->
