<?xml version="1.0" encoding="UTF-8"?>
<!-- Generated by org.testng.reporters.JUnitReportReporter -->
<testsuite hostname="IKnIK" failures="0" tests="6" name="nn.dsalgo.tests.LoginTest" time="15.824" errors="0" timestamp="2025-08-29T14:37:35 EDT" skipped="0">
  <testcase classname="nn.dsalgo.tests.LoginTest" name="performlogin" time="2.364"/>
  <testcase classname="nn.dsalgo.tests.LoginTest" name="successfullogin" time="3.008"/>
  <testcase classname="nn.dsalgo.tests.LoginTest" name="performlogin" time="2.555"/>
  <testcase classname="nn.dsalgo.tests.LoginTest" name="performlogin" time="2.167"/>
  <testcase classname="nn.dsalgo.tests.LoginTest" name="loginlandingpage" time="2.721"/>
  <testcase classname="nn.dsalgo.tests.LoginTest" name="performlogin" time="3.009"/>
</testsuite> <!-- nn.dsalgo.tests.LoginTest -->
