<?xml version="1.0" encoding="UTF-8"?>
<!-- Generated by org.testng.reporters.JUnitReportReporter -->
<testsuite hostname="PRASANNA" failures="0" tests="54" name="nn.dsalgo.tests.TreeTest" time="263.392" errors="0" timestamp="2025-08-30T18:41:57 EDT" skipped="0">
  <testcase classname="nn.dsalgo.tests.TreeTest" name="navigateToTryEditorInTree" time="4.396"/>
  <testcase classname="nn.dsalgo.tests.TreeTest" name="validateBrokenLinkEmptyPageInTree" time="3.258"/>
  <testcase classname="nn.dsalgo.tests.TreeTest" name="generateOutputForInputInTree" time="5.204"/>
  <testcase classname="nn.dsalgo.tests.TreeTest" name="navigateToTopicsInTree" time="3.891"/>
  <testcase classname="nn.dsalgo.tests.TreeTest" name="navigateToTryEditorInTree" time="4.423"/>
  <testcase classname="nn.dsalgo.tests.TreeTest" name="navigateToTopicsInTree" time="3.833"/>
  <testcase classname="nn.dsalgo.tests.TreeTest" name="navigateToTryEditorInTree" time="4.536"/>
  <testcase classname="nn.dsalgo.tests.TreeTest" name="validateBrokenLinkEmptyPageInTree" time="3.245"/>
  <testcase classname="nn.dsalgo.tests.TreeTest" name="generateOutputForInputInTree" time="9.758"/>
  <testcase classname="nn.dsalgo.tests.TreeTest" name="navigateToTopicsInTree" time="3.871"/>
  <testcase classname="nn.dsalgo.tests.TreeTest" name="generateOutputForInputInTree" time="9.959"/>
  <testcase classname="nn.dsalgo.tests.TreeTest" name="validateBrokenLinkEmptyPageInTree" time="3.600"/>
  <testcase classname="nn.dsalgo.tests.TreeTest" name="validateBrokenLinkEmptyPageInTree" time="3.610"/>
  <testcase classname="nn.dsalgo.tests.TreeTest" name="treePageLanding" time="4.333"/>
  <testcase classname="nn.dsalgo.tests.TreeTest" name="validateBrokenLinkEmptyPageInTree" time="3.443"/>
  <testcase classname="nn.dsalgo.tests.TreeTest" name="validateBrokenLinkEmptyPageInTree" time="3.731"/>
  <testcase classname="nn.dsalgo.tests.TreeTest" name="validateBrokenLinkEmptyPageInTree" time="3.773"/>
  <testcase classname="nn.dsalgo.tests.TreeTest" name="navigateToTopicsInTree" time="3.834"/>
  <testcase classname="nn.dsalgo.tests.TreeTest" name="generateOutputForInputInTree" time="9.369"/>
  <testcase classname="nn.dsalgo.tests.TreeTest" name="generateOutputForInputInTree" time="10.124"/>
  <testcase classname="nn.dsalgo.tests.TreeTest" name="validateBrokenLinkEmptyPageInTree" time="3.316"/>
  <testcase classname="nn.dsalgo.tests.TreeTest" name="navigateToTopicsInTree" time="4.475"/>
  <testcase classname="nn.dsalgo.tests.TreeTest" name="navigateToTryEditorInTree" time="4.870"/>
  <testcase classname="nn.dsalgo.tests.TreeTest" name="generateOutputForInputInTree" time="4.543"/>
  <testcase classname="nn.dsalgo.tests.TreeTest" name="navigateToTopicsInTree" time="4.037"/>
  <testcase classname="nn.dsalgo.tests.TreeTest" name="navigateToTryEditorInTree" time="4.487"/>
  <testcase classname="nn.dsalgo.tests.TreeTest" name="generateOutputForInputInTree" time="5.447"/>
  <testcase classname="nn.dsalgo.tests.TreeTest" name="validateBrokenLinkEmptyPageInTree" time="3.099"/>
  <testcase classname="nn.dsalgo.tests.TreeTest" name="navigateToTopicsInTree" time="4.004"/>
  <testcase classname="nn.dsalgo.tests.TreeTest" name="navigateToTopicsInTree" time="4.590"/>
  <testcase classname="nn.dsalgo.tests.TreeTest" name="navigateToTryEditorInTree" time="4.035"/>
  <testcase classname="nn.dsalgo.tests.TreeTest" name="navigateToTopicsInTree" time="3.996"/>
  <testcase classname="nn.dsalgo.tests.TreeTest" name="validateBrokenLinkEmptyPageInTree" time="3.561"/>
  <testcase classname="nn.dsalgo.tests.TreeTest" name="generateOutputForInputInTree" time="9.774"/>
  <testcase classname="nn.dsalgo.tests.TreeTest" name="navigateToTryEditorInTree" time="4.626"/>
  <testcase classname="nn.dsalgo.tests.TreeTest" name="navigateToTryEditorInTree" time="4.876"/>
  <testcase classname="nn.dsalgo.tests.TreeTest" name="generateOutputForInputInTree" time="4.846"/>
  <testcase classname="nn.dsalgo.tests.TreeTest" name="navigateToTopicsInTree" time="4.516"/>
  <testcase classname="nn.dsalgo.tests.TreeTest" name="generateOutputForInputInTree" time="10.874"/>
  <testcase classname="nn.dsalgo.tests.TreeTest" name="navigateToTopicsInTree" time="3.881"/>
  <testcase classname="nn.dsalgo.tests.TreeTest" name="navigateToTopicsInTree" time="4.054"/>
  <testcase classname="nn.dsalgo.tests.TreeTest" name="generateOutputForInputInTree" time="4.787"/>
  <testcase classname="nn.dsalgo.tests.TreeTest" name="navigateToTryEditorInTree" time="4.192"/>
  <testcase classname="nn.dsalgo.tests.TreeTest" name="validateBrokenLinkEmptyPageInTree" time="3.687"/>
  <testcase classname="nn.dsalgo.tests.TreeTest" name="generateOutputForInputInTree" time="5.044"/>
  <testcase classname="nn.dsalgo.tests.TreeTest" name="navigateToTryEditorInTree" time="4.507"/>
  <testcase classname="nn.dsalgo.tests.TreeTest" name="navigateToTopicsInTree" time="3.952"/>
  <testcase classname="nn.dsalgo.tests.TreeTest" name="getTotalsTopicsCountInTree" time="3.101"/>
  <testcase classname="nn.dsalgo.tests.TreeTest" name="validateBrokenLinkEmptyPageInTree" time="3.335"/>
  <testcase classname="nn.dsalgo.tests.TreeTest" name="navigateToTryEditorInTree" time="4.406"/>
  <testcase classname="nn.dsalgo.tests.TreeTest" name="validateBrokenLinkEmptyPageInTree" time="3.135"/>
  <testcase classname="nn.dsalgo.tests.TreeTest" name="generateOutputForInputInTree" time="10.316"/>
  <testcase classname="nn.dsalgo.tests.TreeTest" name="navigateToTryEditorInTree" time="4.456"/>
  <testcase classname="nn.dsalgo.tests.TreeTest" name="navigateToTryEditorInTree" time="4.376"/>
</testsuite> <!-- nn.dsalgo.tests.TreeTest -->
