<?xml version="1.0" encoding="UTF-8"?>
<!-- Generated by org.testng.reporters.JUnitReportReporter -->
<testsuite hostname="PRASANNA" failures="0" tests="19" name="nn.dsalgo.tests.StackTest" time="79.867" errors="0" timestamp="2025-09-01T09:42:36 EDT" skipped="0">
  <testcase classname="nn.dsalgo.tests.StackTest" name="getStackpage" time="3.387"/>
  <testcase classname="nn.dsalgo.tests.StackTest" name="NavigatetoStackTopics" time="4.135"/>
  <testcase classname="nn.dsalgo.tests.StackTest" name="NavigatetoStackTopics" time="3.348"/>
  <testcase classname="nn.dsalgo.tests.StackTest" name="NavigatetoStackTopics" time="3.350"/>
  <testcase classname="nn.dsalgo.tests.StackTest" name="NavigatetoTryEditor" time="4.487"/>
  <testcase classname="nn.dsalgo.tests.StackTest" name="NavigatetoTryEditor" time="3.937"/>
  <testcase classname="nn.dsalgo.tests.StackTest" name="NavigatetoTryEditor" time="3.903"/>
  <testcase classname="nn.dsalgo.tests.StackTest" name="getValidPythonCode" time="5.264"/>
  <testcase classname="nn.dsalgo.tests.StackTest" name="getValidPythonCode" time="4.604"/>
  <testcase classname="nn.dsalgo.tests.StackTest" name="getValidPythonCode" time="4.638"/>
  <testcase classname="nn.dsalgo.tests.StackTest" name="getInValidPythonCode" time="5.613"/>
  <testcase classname="nn.dsalgo.tests.StackTest" name="getInValidPythonCode" time="4.327"/>
  <testcase classname="nn.dsalgo.tests.StackTest" name="getInValidPythonCode" time="4.710"/>
  <testcase classname="nn.dsalgo.tests.StackTest" name="NavigatePracticeQuestion" time="4.012"/>
  <testcase classname="nn.dsalgo.tests.StackTest" name="NavigatePracticeQuestion" time="4.527"/>
  <testcase classname="nn.dsalgo.tests.StackTest" name="NavigatePracticeQuestion" time="3.884"/>
  <testcase classname="nn.dsalgo.tests.StackTest" name="PracticeQuestionBrokenLink" time="3.997"/>
  <testcase classname="nn.dsalgo.tests.StackTest" name="PracticeQuestionBrokenLink" time="3.780"/>
  <testcase classname="nn.dsalgo.tests.StackTest" name="PracticeQuestionBrokenLink" time="3.964"/>
</testsuite> <!-- nn.dsalgo.tests.StackTest -->
