<?xml version="1.0" encoding="UTF-8"?>
<!-- Generated by org.testng.reporters.JUnitReportReporter -->
<testsuite hostname="PRASANNA" failures="0" tests="19" name="nn.dsalgo.tests.StackTest" time="80.103" errors="0" timestamp="2025-08-29T10:08:24 EDT" skipped="0">
  <testcase classname="nn.dsalgo.tests.StackTest" name="getStackpage" time="4.757"/>
  <testcase classname="nn.dsalgo.tests.StackTest" name="NavigatetoStackTopics" time="3.592"/>
  <testcase classname="nn.dsalgo.tests.StackTest" name="NavigatetoStackTopics" time="3.882"/>
  <testcase classname="nn.dsalgo.tests.StackTest" name="NavigatetoStackTopics" time="3.848"/>
  <testcase classname="nn.dsalgo.tests.StackTest" name="NavigatetoTryEditor" time="4.358"/>
  <testcase classname="nn.dsalgo.tests.StackTest" name="NavigatetoTryEditor" time="4.067"/>
  <testcase classname="nn.dsalgo.tests.StackTest" name="NavigatetoTryEditor" time="4.244"/>
  <testcase classname="nn.dsalgo.tests.StackTest" name="getValidPythonCode" time="4.635"/>
  <testcase classname="nn.dsalgo.tests.StackTest" name="getValidPythonCode" time="4.966"/>
  <testcase classname="nn.dsalgo.tests.StackTest" name="getValidPythonCode" time="4.924"/>
  <testcase classname="nn.dsalgo.tests.StackTest" name="getInValidPythonCode" time="4.278"/>
  <testcase classname="nn.dsalgo.tests.StackTest" name="getInValidPythonCode" time="4.330"/>
  <testcase classname="nn.dsalgo.tests.StackTest" name="getInValidPythonCode" time="4.804"/>
  <testcase classname="nn.dsalgo.tests.StackTest" name="NavigatePracticeQuestion" time="3.897"/>
  <testcase classname="nn.dsalgo.tests.StackTest" name="NavigatePracticeQuestion" time="4.011"/>
  <testcase classname="nn.dsalgo.tests.StackTest" name="NavigatePracticeQuestion" time="3.896"/>
  <testcase classname="nn.dsalgo.tests.StackTest" name="PracticeQuestionBrokenLink" time="3.771"/>
  <testcase classname="nn.dsalgo.tests.StackTest" name="PracticeQuestionBrokenLink" time="4.460"/>
  <testcase classname="nn.dsalgo.tests.StackTest" name="PracticeQuestionBrokenLink" time="3.383"/>
</testsuite> <!-- nn.dsalgo.tests.StackTest -->
