<?xml version="1.0" encoding="UTF-8"?>
<!-- Generated by org.testng.reporters.JUnitReportReporter -->
<testsuite hostname="PRASANNA" failures="0" tests="1" name="nn.dsalgo.tests.RegisterTest" time="2.498" errors="0" timestamp="2025-08-29T11:04:31 EDT" skipped="0">
  <testcase classname="nn.dsalgo.tests.RegisterTest" name="getRegisterPage" time="2.498"/>
</testsuite> <!-- nn.dsalgo.tests.RegisterTest -->
