<?xml version="1.0" encoding="UTF-8"?>
<!-- Generated by org.testng.reporters.JUnitReportReporter -->
<testsuite hostname="DESKTOP-PQ91UE8" failures="0" tests="6" name="nn.dsalgo.tests.LoginTest" time="19.537" errors="0" timestamp="2025-08-30T11:14:55 EDT" skipped="0">
  <testcase classname="nn.dsalgo.tests.LoginTest" name="successfullogin" time="3.514"/>
  <testcase classname="nn.dsalgo.tests.LoginTest" name="performlogin" time="3.629"/>
  <testcase classname="nn.dsalgo.tests.LoginTest" name="performlogin" time="3.081"/>
  <testcase classname="nn.dsalgo.tests.LoginTest" name="performlogin" time="3.366"/>
  <testcase classname="nn.dsalgo.tests.LoginTest" name="performlogin" time="3.065"/>
  <testcase classname="nn.dsalgo.tests.LoginTest" name="loginlandingpage" time="2.882"/>
</testsuite> <!-- nn.dsalgo.tests.LoginTest -->
