<?xml version="1.0" encoding="UTF-8"?>
<!-- Generated by org.testng.reporters.JUnitReportReporter -->
<testsuite hostname="IKnIK" failures="0" tests="4" name="nn.dsalgo.tests.QueueTest" time="20.741" errors="0" timestamp="2025-09-01T00:11:48 EDT" skipped="0">
  <testcase classname="nn.dsalgo.tests.QueueTest" name="InvalidPythoncode" time="4.920"/>
  <testcase classname="nn.dsalgo.tests.QueueTest" name="InvalidPythoncode" time="6.063"/>
  <testcase classname="nn.dsalgo.tests.QueueTest" name="InvalidPythoncode" time="5.116"/>
  <testcase classname="nn.dsalgo.tests.QueueTest" name="InvalidPythoncode" time="4.642"/>
</testsuite> <!-- nn.dsalgo.tests.QueueTest -->
