<?xml version="1.0" encoding="UTF-8"?>
<!-- Generated by org.testng.reporters.JUnitReportReporter -->
<testsuite hostname="IKnIK" failures="0" tests="4" name="nn.dsalgo.tests.StackTest" time="10.626" errors="0" timestamp="2025-08-29T17:47:01 EDT" skipped="0">
  <testcase classname="nn.dsalgo.tests.StackTest" name="getStackpage" time="2.664"/>
  <testcase classname="nn.dsalgo.tests.StackTest" name="PracticeQuestionBrokenLink" time="2.546"/>
  <testcase classname="nn.dsalgo.tests.StackTest" name="PracticeQuestionBrokenLink" time="2.832"/>
  <testcase classname="nn.dsalgo.tests.StackTest" name="PracticeQuestionBrokenLink" time="2.584"/>
</testsuite> <!-- nn.dsalgo.tests.StackTest -->
