<?xml version="1.0" encoding="UTF-8"?>
<!-- Generated by org.testng.reporters.JUnitReportReporter -->
<testsuite hostname="IKnIK" failures="0" tests="6" name="nn.dsalgo.tests.LoginTest" time="10.909" errors="0" timestamp="2025-08-31T23:17:08 EDT" skipped="0">
  <testcase classname="nn.dsalgo.tests.LoginTest" name="loginlandingpage" time="1.805"/>
  <testcase classname="nn.dsalgo.tests.LoginTest" name="Missinglogin" time="1.942"/>
  <testcase classname="nn.dsalgo.tests.LoginTest" name="Missinglogin" time="1.647"/>
  <testcase classname="nn.dsalgo.tests.LoginTest" name="InvalidLogin" time="1.717"/>
  <testcase classname="nn.dsalgo.tests.LoginTest" name="InvalidLogin" time="1.656"/>
  <testcase classname="nn.dsalgo.tests.LoginTest" name="successfullogin" time="2.142"/>
</testsuite> <!-- nn.dsalgo.tests.LoginTest -->
