<?xml version="1.0" encoding="UTF-8"?>
<!-- Generated by org.testng.reporters.JUnitReportReporter -->
<testsuite hostname="IKnIK" failures="0" tests="6" name="nn.dsalgo.tests.LoginTest" time="15.912" errors="0" timestamp="2025-09-03T12:58:07 EDT" skipped="0">
  <testcase classname="nn.dsalgo.tests.LoginTest" name="loginlandingpage" time="2.476"/>
  <testcase classname="nn.dsalgo.tests.LoginTest" name="MissingUsername" time="3.014"/>
  <testcase classname="nn.dsalgo.tests.LoginTest" name="MissingPassword" time="2.981"/>
  <testcase classname="nn.dsalgo.tests.LoginTest" name="InvalidUsername" time="2.361"/>
  <testcase classname="nn.dsalgo.tests.LoginTest" name="Invalidpassword" time="2.502"/>
  <testcase classname="nn.dsalgo.tests.LoginTest" name="successfullogin" time="2.578"/>
</testsuite> <!-- nn.dsalgo.tests.LoginTest -->
