<?xml version="1.0" encoding="UTF-8"?>
<!-- Generated by org.testng.reporters.JUnitReportReporter -->
<testsuite hostname="PRASANNA" failures="0" tests="19" name="nn.dsalgo.tests.StackTest" time="76.321" errors="0" timestamp="2025-08-30T08:58:06 EDT" skipped="0">
  <testcase classname="nn.dsalgo.tests.StackTest" name="NavigatePracticeQuestion" time="4.398"/>
  <testcase classname="nn.dsalgo.tests.StackTest" name="NavigatetoTryEditor" time="3.731"/>
  <testcase classname="nn.dsalgo.tests.StackTest" name="NavigatetoStackTopics" time="3.401"/>
  <testcase classname="nn.dsalgo.tests.StackTest" name="PracticeQuestionBrokenLink" time="4.144"/>
  <testcase classname="nn.dsalgo.tests.StackTest" name="getValidPythonCode" time="4.145"/>
  <testcase classname="nn.dsalgo.tests.StackTest" name="NavigatetoTryEditor" time="3.872"/>
  <testcase classname="nn.dsalgo.tests.StackTest" name="getInValidPythonCode" time="4.054"/>
  <testcase classname="nn.dsalgo.tests.StackTest" name="getValidPythonCode" time="4.146"/>
  <testcase classname="nn.dsalgo.tests.StackTest" name="getStackpage" time="3.726"/>
  <testcase classname="nn.dsalgo.tests.StackTest" name="NavigatePracticeQuestion" time="3.711"/>
  <testcase classname="nn.dsalgo.tests.StackTest" name="getValidPythonCode" time="4.763"/>
  <testcase classname="nn.dsalgo.tests.StackTest" name="NavigatetoStackTopics" time="3.289"/>
  <testcase classname="nn.dsalgo.tests.StackTest" name="NavigatetoStackTopics" time="3.668"/>
  <testcase classname="nn.dsalgo.tests.StackTest" name="PracticeQuestionBrokenLink" time="4.406"/>
  <testcase classname="nn.dsalgo.tests.StackTest" name="PracticeQuestionBrokenLink" time="3.775"/>
  <testcase classname="nn.dsalgo.tests.StackTest" name="getInValidPythonCode" time="4.332"/>
  <testcase classname="nn.dsalgo.tests.StackTest" name="getInValidPythonCode" time="4.246"/>
  <testcase classname="nn.dsalgo.tests.StackTest" name="NavigatePracticeQuestion" time="3.891"/>
  <testcase classname="nn.dsalgo.tests.StackTest" name="NavigatetoTryEditor" time="4.623"/>
</testsuite> <!-- nn.dsalgo.tests.StackTest -->
