<?xml version="1.0" encoding="UTF-8"?>
<!-- Generated by org.testng.reporters.JUnitReportReporter -->
<testsuite hostname="PRASANNA" failures="0" tests="5" name="nn.dsalgo.tests.DatastructureTest" time="30.398" errors="0" timestamp="2025-08-28T23:53:39 EDT" skipped="0">
  <testcase classname="nn.dsalgo.tests.DatastructureTest" name="navigateToTopicsInDS" time="3.983"/>
  <testcase classname="nn.dsalgo.tests.DatastructureTest" name="generateOutputForInputInDS" time="11.569"/>
  <testcase classname="nn.dsalgo.tests.DatastructureTest" name="dsPageLanding" time="4.738"/>
  <testcase classname="nn.dsalgo.tests.DatastructureTest" name="navigateToTryEditorInDS" time="4.742"/>
  <testcase classname="nn.dsalgo.tests.DatastructureTest" name="generateOutputForInputInDS" time="5.366"/>
</testsuite> <!-- nn.dsalgo.tests.DatastructureTest -->
