<?xml version="1.0" encoding="UTF-8"?>
<!-- Generated by org.testng.reporters.JUnitReportReporter -->
<testsuite hostname="IKnIK" failures="0" tests="14" name="nn.dsalgo.tests.TreeTest" time="40.642" errors="0" timestamp="2025-08-29T17:41:44 EDT" skipped="0">
  <testcase classname="nn.dsalgo.tests.TreeTest" name="validateBrokenLinkEmptyPageInTree" time="2.976"/>
  <testcase classname="nn.dsalgo.tests.TreeTest" name="validateBrokenLinkEmptyPageInTree" time="2.723"/>
  <testcase classname="nn.dsalgo.tests.TreeTest" name="validateBrokenLinkEmptyPageInTree" time="2.856"/>
  <testcase classname="nn.dsalgo.tests.TreeTest" name="validateBrokenLinkEmptyPageInTree" time="2.834"/>
  <testcase classname="nn.dsalgo.tests.TreeTest" name="validateBrokenLinkEmptyPageInTree" time="2.563"/>
  <testcase classname="nn.dsalgo.tests.TreeTest" name="validateBrokenLinkEmptyPageInTree" time="2.590"/>
  <testcase classname="nn.dsalgo.tests.TreeTest" name="validateBrokenLinkEmptyPageInTree" time="2.752"/>
  <testcase classname="nn.dsalgo.tests.TreeTest" name="validateBrokenLinkEmptyPageInTree" time="3.204"/>
  <testcase classname="nn.dsalgo.tests.TreeTest" name="treePageLanding" time="2.816"/>
  <testcase classname="nn.dsalgo.tests.TreeTest" name="validateBrokenLinkEmptyPageInTree" time="2.971"/>
  <testcase classname="nn.dsalgo.tests.TreeTest" name="validateBrokenLinkEmptyPageInTree" time="3.097"/>
  <testcase classname="nn.dsalgo.tests.TreeTest" name="validateBrokenLinkEmptyPageInTree" time="2.599"/>
  <testcase classname="nn.dsalgo.tests.TreeTest" name="validateBrokenLinkEmptyPageInTree" time="3.164"/>
  <testcase classname="nn.dsalgo.tests.TreeTest" name="validateBrokenLinkEmptyPageInTree" time="3.497"/>
</testsuite> <!-- nn.dsalgo.tests.TreeTest -->
