<?xml version="1.0" encoding="UTF-8"?>
<!-- Generated by org.testng.reporters.JUnitReportReporter -->
<testsuite hostname="IKnIK" failures="0" tests="21" name="nn.dsalgo.tests.QueueTest" time="89.344" errors="0" timestamp="2025-09-03T12:33:53 EDT" skipped="0">
  <testcase classname="nn.dsalgo.tests.QueueTest" name="queuelandingpage" time="4.000"/>
  <testcase classname="nn.dsalgo.tests.QueueTest" name="navigatetoQueuetopics" time="4.019"/>
  <testcase classname="nn.dsalgo.tests.QueueTest" name="navigatetoQueuetopics" time="4.343"/>
  <testcase classname="nn.dsalgo.tests.QueueTest" name="navigatetoQueuetopics" time="3.698"/>
  <testcase classname="nn.dsalgo.tests.QueueTest" name="navigatetoQueuetopics" time="3.559"/>
  <testcase classname="nn.dsalgo.tests.QueueTest" name="clicktryhere" time="4.131"/>
  <testcase classname="nn.dsalgo.tests.QueueTest" name="clicktryhere" time="4.287"/>
  <testcase classname="nn.dsalgo.tests.QueueTest" name="clicktryhere" time="4.571"/>
  <testcase classname="nn.dsalgo.tests.QueueTest" name="clicktryhere" time="4.252"/>
  <testcase classname="nn.dsalgo.tests.QueueTest" name="Pythoncode" time="4.941"/>
  <testcase classname="nn.dsalgo.tests.QueueTest" name="Pythoncode" time="4.769"/>
  <testcase classname="nn.dsalgo.tests.QueueTest" name="Pythoncode" time="4.652"/>
  <testcase classname="nn.dsalgo.tests.QueueTest" name="Pythoncode" time="5.154"/>
  <testcase classname="nn.dsalgo.tests.QueueTest" name="InvalidPythoncode" time="4.699"/>
  <testcase classname="nn.dsalgo.tests.QueueTest" name="InvalidPythoncode" time="4.196"/>
  <testcase classname="nn.dsalgo.tests.QueueTest" name="InvalidPythoncode" time="4.668"/>
  <testcase classname="nn.dsalgo.tests.QueueTest" name="InvalidPythoncode" time="4.389"/>
  <testcase classname="nn.dsalgo.tests.QueueTest" name="PracticeQuestionBrokenLink" time="3.754"/>
  <testcase classname="nn.dsalgo.tests.QueueTest" name="PracticeQuestionBrokenLink" time="3.679"/>
  <testcase classname="nn.dsalgo.tests.QueueTest" name="PracticeQuestionBrokenLink" time="3.710"/>
  <testcase classname="nn.dsalgo.tests.QueueTest" name="PracticeQuestionBrokenLink" time="3.873"/>
</testsuite> <!-- nn.dsalgo.tests.QueueTest -->
