<?xml version="1.0" encoding="UTF-8"?>
<!-- Generated by org.testng.reporters.JUnitReportReporter -->
<testsuite hostname="IKnIK" failures="0" tests="6" name="nn.dsalgo.tests.LoginTest" time="20.979" errors="0" timestamp="2025-08-29T20:40:03 EDT" skipped="0">
  <testcase classname="nn.dsalgo.tests.LoginTest" name="performlogin" time="3.254"/>
  <testcase classname="nn.dsalgo.tests.LoginTest" name="loginlandingpage" time="2.796"/>
  <testcase classname="nn.dsalgo.tests.LoginTest" name="performlogin" time="4.474"/>
  <testcase classname="nn.dsalgo.tests.LoginTest" name="successfullogin" time="4.455"/>
  <testcase classname="nn.dsalgo.tests.LoginTest" name="performlogin" time="3.055"/>
  <testcase classname="nn.dsalgo.tests.LoginTest" name="performlogin" time="2.945"/>
</testsuite> <!-- nn.dsalgo.tests.LoginTest -->
