<?xml version="1.0" encoding="UTF-8"?>
<!-- Generated by org.testng.reporters.JUnitReportReporter -->
<testsuite hostname="PRASANNA" failures="0" tests="10" name="nn.dsalgo.tests.StackTest" time="46.927" errors="0" timestamp="2025-08-28T18:44:51 EDT" skipped="0">
  <testcase classname="nn.dsalgo.tests.StackTest" name="NavigatetoStackTopics" time="3.648"/>
  <testcase classname="nn.dsalgo.tests.StackTest" name="NavigatetoTryEditor" time="4.911"/>
  <testcase classname="nn.dsalgo.tests.StackTest" name="getStackpage" time="3.626"/>
  <testcase classname="nn.dsalgo.tests.StackTest" name="NavigatetoTryEditor" time="5.329"/>
  <testcase classname="nn.dsalgo.tests.StackTest" name="NavigatetoStackTopics" time="3.601"/>
  <testcase classname="nn.dsalgo.tests.StackTest" name="NavigatetoTryEditor" time="4.895"/>
  <testcase classname="nn.dsalgo.tests.StackTest" name="NavigatetoStackTopics" time="4.229"/>
  <testcase classname="nn.dsalgo.tests.StackTest" name="getValidPythonCode" time="5.459"/>
  <testcase classname="nn.dsalgo.tests.StackTest" name="getValidPythonCode" time="5.527"/>
  <testcase classname="nn.dsalgo.tests.StackTest" name="getValidPythonCode" time="5.702"/>
</testsuite> <!-- nn.dsalgo.tests.StackTest -->
