<?xml version="1.0" encoding="UTF-8"?>
<!-- Generated by org.testng.reporters.JUnitReportReporter -->
<testsuite hostname="IKnIK" failures="0" tests="4" name="nn.dsalgo.tests.LoginTest" time="11.639" errors="0" timestamp="2025-09-01T14:13:55 EDT" skipped="0">
  <testcase classname="nn.dsalgo.tests.LoginTest" name="Missinglogin" time="3.865"/>
  <testcase classname="nn.dsalgo.tests.LoginTest" name="Missinglogin" time="2.270"/>
  <testcase classname="nn.dsalgo.tests.LoginTest" name="InvalidLogin" time="2.490"/>
  <testcase classname="nn.dsalgo.tests.LoginTest" name="InvalidLogin" time="3.014"/>
</testsuite> <!-- nn.dsalgo.tests.LoginTest -->
