<?xml version="1.0" encoding="UTF-8"?>
<!-- Generated by org.testng.reporters.JUnitReportReporter -->
<testsuite hostname="DESKTOP-PQ91UE8" failures="0" tests="36" name="nn.dsalgo.tests.LinkedListTest" time="159.429" errors="0" timestamp="2025-08-30T19:11:16 EDT" skipped="0">
  <testcase classname="nn.dsalgo.tests.LinkedListTest" name="generateOutputForInputInLinkedList" time="4.842"/>
  <testcase classname="nn.dsalgo.tests.LinkedListTest" name="navigateToTryEditorInLinkedList" time="4.261"/>
  <testcase classname="nn.dsalgo.tests.LinkedListTest" name="getInValidPythonCode" time="4.709"/>
  <testcase classname="nn.dsalgo.tests.LinkedListTest" name="navigateToLinksInLinkedList" time="4.221"/>
  <testcase classname="nn.dsalgo.tests.LinkedListTest" name="generateOutputForInputInLinkedList" time="4.635"/>
  <testcase classname="nn.dsalgo.tests.LinkedListTest" name="navigateToLinksInLinkedList" time="3.934"/>
  <testcase classname="nn.dsalgo.tests.LinkedListTest" name="getInValidPythonCode" time="4.780"/>
  <testcase classname="nn.dsalgo.tests.LinkedListTest" name="generateOutputForInputInLinkedList" time="4.515"/>
  <testcase classname="nn.dsalgo.tests.LinkedListTest" name="generateOutputForInputInLinkedList" time="4.763"/>
  <testcase classname="nn.dsalgo.tests.LinkedListTest" name="navigateToTryEditorInLinkedList" time="4.468"/>
  <testcase classname="nn.dsalgo.tests.LinkedListTest" name="getInValidPythonCode" time="4.550"/>
  <testcase classname="nn.dsalgo.tests.LinkedListTest" name="validateBrokenLinkEmptyPageInTree" time="4.614"/>
  <testcase classname="nn.dsalgo.tests.LinkedListTest" name="generateOutputForInputInLinkedList" time="4.572"/>
  <testcase classname="nn.dsalgo.tests.LinkedListTest" name="navigateToLinksInLinkedList" time="4.009"/>
  <testcase classname="nn.dsalgo.tests.LinkedListTest" name="getInValidPythonCode" time="4.692"/>
  <testcase classname="nn.dsalgo.tests.LinkedListTest" name="navigateToTryEditorInLinkedList" time="4.227"/>
  <testcase classname="nn.dsalgo.tests.LinkedListTest" name="LinkedListPageLanding" time="4.164"/>
  <testcase classname="nn.dsalgo.tests.LinkedListTest" name="getInValidPythonCode" time="5.052"/>
  <testcase classname="nn.dsalgo.tests.LinkedListTest" name="generateOutputForInputInLinkedList" time="5.368"/>
  <testcase classname="nn.dsalgo.tests.LinkedListTest" name="navigateToTryEditorInLinkedList" time="4.686"/>
  <testcase classname="nn.dsalgo.tests.LinkedListTest" name="validateBrokenLinkEmptyPageInTree" time="4.021"/>
  <testcase classname="nn.dsalgo.tests.LinkedListTest" name="navigateToLinksInLinkedList" time="3.996"/>
  <testcase classname="nn.dsalgo.tests.LinkedListTest" name="navigateToTryEditorInLinkedList" time="4.583"/>
  <testcase classname="nn.dsalgo.tests.LinkedListTest" name="validateBrokenLinkEmptyPageInTree" time="4.068"/>
  <testcase classname="nn.dsalgo.tests.LinkedListTest" name="navigateToLinksInLinkedList" time="3.995"/>
  <testcase classname="nn.dsalgo.tests.LinkedListTest" name="navigateToTryEditorInLinkedList" time="4.171"/>
  <testcase classname="nn.dsalgo.tests.LinkedListTest" name="navigateToLinksInLinkedList" time="4.319"/>
  <testcase classname="nn.dsalgo.tests.LinkedListTest" name="getInValidPythonCode" time="4.933"/>
  <testcase classname="nn.dsalgo.tests.LinkedListTest" name="validateBrokenLinkEmptyPageInTree" time="4.099"/>
  <testcase classname="nn.dsalgo.tests.LinkedListTest" name="navigateToLinksInLinkedList" time="4.003"/>
  <testcase classname="nn.dsalgo.tests.LinkedListTest" name="generateOutputForInputInLinkedList" time="4.949"/>
  <testcase classname="nn.dsalgo.tests.LinkedListTest" name="validateBrokenLinkEmptyPageInTree" time="4.173"/>
  <testcase classname="nn.dsalgo.tests.LinkedListTest" name="validateBrokenLinkEmptyPageInTree" time="4.045"/>
  <testcase classname="nn.dsalgo.tests.LinkedListTest" name="getInValidPythonCode" time="4.558"/>
  <testcase classname="nn.dsalgo.tests.LinkedListTest" name="validateBrokenLinkEmptyPageInTree" time="4.237"/>
  <testcase classname="nn.dsalgo.tests.LinkedListTest" name="navigateToTryEditorInLinkedList" time="4.217"/>
</testsuite> <!-- nn.dsalgo.tests.LinkedListTest -->
