<?xml version="1.0" encoding="UTF-8"?>
<!-- Generated by org.testng.reporters.JUnitReportReporter -->
<testsuite hostname="IKnIK" failures="0" tests="21" name="nn.dsalgo.tests.QueueTest" time="108.398" errors="0" timestamp="2025-08-31T23:11:11 EDT" skipped="0">
  <testcase classname="nn.dsalgo.tests.QueueTest" name="queuelandingpage" time="2.693"/>
  <testcase classname="nn.dsalgo.tests.QueueTest" name="navigatetoQueuetopics" time="2.422"/>
  <testcase classname="nn.dsalgo.tests.QueueTest" name="navigatetoQueuetopics" time="2.551"/>
  <testcase classname="nn.dsalgo.tests.QueueTest" name="navigatetoQueuetopics" time="2.531"/>
  <testcase classname="nn.dsalgo.tests.QueueTest" name="navigatetoQueuetopics" time="2.555"/>
  <testcase classname="nn.dsalgo.tests.QueueTest" name="clicktryhere" time="2.836"/>
  <testcase classname="nn.dsalgo.tests.QueueTest" name="clicktryhere" time="2.815"/>
  <testcase classname="nn.dsalgo.tests.QueueTest" name="clicktryhere" time="3.334"/>
  <testcase classname="nn.dsalgo.tests.QueueTest" name="clicktryhere" time="2.922"/>
  <testcase classname="nn.dsalgo.tests.QueueTest" name="Pythoncode" time="3.727"/>
  <testcase classname="nn.dsalgo.tests.QueueTest" name="Pythoncode" time="3.390"/>
  <testcase classname="nn.dsalgo.tests.QueueTest" name="Pythoncode" time="4.120"/>
  <testcase classname="nn.dsalgo.tests.QueueTest" name="Pythoncode" time="3.467"/>
  <testcase classname="nn.dsalgo.tests.QueueTest" name="InvalidPythoncode" time="4.407"/>
  <testcase classname="nn.dsalgo.tests.QueueTest" name="InvalidPythoncode" time="3.845"/>
  <testcase classname="nn.dsalgo.tests.QueueTest" name="InvalidPythoncode" time="3.543"/>
  <testcase classname="nn.dsalgo.tests.QueueTest" name="InvalidPythoncode" time="3.579"/>
  <testcase classname="nn.dsalgo.tests.QueueTest" name="PracticeQuestionBrokenLink" time="43.987"/>
  <testcase classname="nn.dsalgo.tests.QueueTest" name="PracticeQuestionBrokenLink" time="3.361"/>
  <testcase classname="nn.dsalgo.tests.QueueTest" name="PracticeQuestionBrokenLink" time="3.185"/>
  <testcase classname="nn.dsalgo.tests.QueueTest" name="PracticeQuestionBrokenLink" time="3.128"/>
</testsuite> <!-- nn.dsalgo.tests.QueueTest -->
