<?xml version="1.0" encoding="UTF-8"?>
<!-- Generated by org.testng.reporters.JUnitReportReporter -->
<testsuite hostname="DESKTOP-18JCENA" failures="0" tests="3" name="nn.dsalgo.tests.DatastructureTest" time="16.913" errors="0" timestamp="2025-08-27T18:39:08 EDT" skipped="0">
  <testcase classname="nn.dsalgo.tests.DatastructureTest" name="dsPageLanding" time="5.981"/>
  <testcase classname="nn.dsalgo.tests.DatastructureTest" name="navigateToTopicsInDS" time="4.787"/>
  <testcase classname="nn.dsalgo.tests.DatastructureTest" name="navigateToTryEditorInDS" time="6.145"/>
</testsuite> <!-- nn.dsalgo.tests.DatastructureTest -->
